  00000000000i[      ] reading configuration from floppy.bxrc
  00000000000i[      ] Stopping on magic break points
  00000000000i[      ] installing win32 module as the Bochs GUI
  00000000000i[      ] Bochs x86 Emulator 2.6.8
  00000000000i[      ]   Built from SVN snapshot on May 3, 2015
  00000000000i[      ] Compiled on May  3 2015 at 10:18:44
  00000000000i[      ] System configuration
  00000000000i[      ]   processors: 1 (cores=1, HT threads=1)
  00000000000i[      ]   A20 line support: yes
  00000000000i[      ] IPS is set to 4000000
  00000000000i[      ] CPU configuration
  00000000000i[      ]   SMP support: no
  00000000000i[      ]   level: 6
  00000000000i[      ]   APIC support: xapic
  00000000000i[      ]   FPU support: yes
  00000000000i[      ]   MMX support: yes
  00000000000i[      ]   3dnow! support: no
  00000000000i[      ]   SEP support: yes
  00000000000i[      ]   SIMD support: sse2
  00000000000i[      ]   XSAVE support: no 
  00000000000i[      ]   AES support: no
  00000000000i[      ]   SHA support: no
  00000000000i[      ]   MOVBE support: no
  00000000000i[      ]   ADX support: no
  00000000000i[      ]   x86-64 support: yes
  00000000000i[      ]   1G paging support: no
  00000000000i[      ]   MWAIT support: yes
  00000000000i[      ]   VMX support: 1
  00000000000i[      ] Optimization configuration
  00000000000i[      ]   RepeatSpeedups support: yes
  00000000000i[      ]   Fast function calls: yes
  00000000000i[      ]   Handlers Chaining speedups: no
  00000000000i[      ] Devices configuration
  00000000000i[      ]   NE2000 support: yes
  00000000000i[      ]   PCI support: yes, enabled=yes
  00000000000i[      ]   SB16 support: yes
  00000000000i[      ]   USB support: yes
  00000000000i[      ]   VGA extension support: vbe cirrus voodoo
  00000000000i[MEM0  ] allocated memory at 04203020. after alignment, vector=04204000
  00000000000i[MEM0  ] 512.00MB
  00000000000i[MEM0  ] mem block size = 0x00100000, blocks=512
  00000000000i[MEM0  ] rom at 0xfffe0000/131072 ('.\utils\Bochs-2.6.8/BIOS-bochs-latest')
  00000000000i[SNDLOW] Sound lowlevel module 'win' initialized
  00000000000i[SNDCTL] Installed sound driver 'win' at index #0
  00000000000i[PLUGIN] init_dev of 'pci' plugin device by virtual method
  00000000000i[DEV   ] i440FX PMC present at device 0, function 0
  00000000000i[PLUGIN] init_dev of 'pci2isa' plugin device by virtual method
  00000000000i[DEV   ] PIIX3 PCI-to-ISA bridge present at device 1, function 0
  00000000000i[PLUGIN] init_dev of 'cmos' plugin device by virtual method
  00000000000i[CMOS  ] Using local time for initial clock
  00000000000i[CMOS  ] Setting initial clock to: Thu Oct 16 17:15:35 2025 (time0=1760624135)
  00000000000i[PLUGIN] init_dev of 'dma' plugin device by virtual method
  00000000000i[DMA   ] channel 4 used by cascade
  00000000000i[PLUGIN] init_dev of 'pic' plugin device by virtual method
  00000000000i[PLUGIN] init_dev of 'pit' plugin device by virtual method
  00000000000i[PIT   ] PIT using realtime synchronisation method
  00000000000i[PLUGIN] init_dev of 'vga' plugin device by virtual method
  00000000000i[MEM0  ] Register memory access handlers: 0x0000000a0000 - 0x0000000bffff
  00000000000i[VGA   ] interval=200000, mode=realtime
  00000000000i[MEM0  ] Register memory access handlers: 0x0000e0000000 - 0x0000e0ffffff
  00000000000i[BXVGA ] VBE Bochs Display Extension Enabled
  00000000000i[WINGUI] Desktop Window dimensions: 1680 x 1050
  00000000000i[WINGUI] option 1: gui_debug
  00000000000i[WINGUI] Number of Mouse Buttons = 5
  00000000000i[WINGUI] IME disabled
  00000000000i[MEM0  ] rom at 0xc0000/41472 ('.\utils\Bochs-2.6.8/VGABIOS-lgpl-latest')
  00000000000i[PLUGIN] init_dev of 'floppy' plugin device by virtual method
  00000000000i[DMA   ] channel 2 used by Floppy Drive
  00000000000i[FLOPPY] fd0: '.\bin\floppy.img' ro=0, h=2,t=80,spt=18
  00000000000i[PLUGIN] init_dev of 'acpi' plugin device by virtual method
  00000000000i[DEV   ] ACPI Controller present at device 1, function 3
  00000000000i[PLUGIN] init_dev of 'ioapic' plugin device by virtual method
  00000000000i[IOAPIC] initializing I/O APIC
  00000000000i[MEM0  ] Register memory access handlers: 0x0000fec00000 - 0x0000fec00fff
  00000000000i[IOAPIC] IOAPIC enabled (base address = 0xfec00000)
  00000000000i[PLUGIN] init_dev of 'keyboard' plugin device by virtual method
  00000000000i[KBD   ] will paste characters every 400 keyboard ticks
  00000000000i[PLUGIN] init_dev of 'harddrv' plugin device by virtual method
  00000000000i[HD    ] Using boot sequence floppy, none, none
  00000000000i[HD    ] Floppy boot signature check is enabled
  00000000000i[PLUGIN] init_dev of 'pci_ide' plugin device by virtual method
  00000000000i[DEV   ] PIIX3 PCI IDE controller present at device 1, function 1
  00000000000i[PLUGIN] init_dev of 'unmapped' plugin device by virtual method
  00000000000i[PLUGIN] init_dev of 'biosdev' plugin device by virtual method
  00000000000i[PLUGIN] init_dev of 'speaker' plugin device by virtual method
  00000000000i[PCSPK ] Using lowlevel sound support for output
  00000000000i[PLUGIN] init_dev of 'extfpuirq' plugin device by virtual method
  00000000000i[PLUGIN] init_dev of 'parallel' plugin device by virtual method
  00000000000i[PAR   ] parallel port 1 at 0x0378 irq 7
  00000000000i[PLUGIN] init_dev of 'serial' plugin device by virtual method
  00000000000i[SER   ] com1 at 0x03f8 irq 4 (mode: file)
  00000000000i[PLUGIN] init_dev of 'gameport' plugin device by virtual method
  00000000000i[PLUGIN] init_dev of 'iodebug' plugin device by virtual method
  00000000000i[PLUGIN] init_dev of 'usb_uhci' plugin device by virtual method
  00000000000i[DEV   ] USB UHCI present at device 1, function 2
  00000000000i[UHCI  ] USB UHCI initialized
  00000000000i[PLUGIN] register state of 'pci' plugin device by virtual method
  00000000000i[PLUGIN] register state of 'pci2isa' plugin device by virtual method
  00000000000i[PLUGIN] register state of 'cmos' plugin device by virtual method
  00000000000i[PLUGIN] register state of 'dma' plugin device by virtual method
  00000000000i[PLUGIN] register state of 'pic' plugin device by virtual method
  00000000000i[PLUGIN] register state of 'pit' plugin device by virtual method
  00000000000i[PLUGIN] register state of 'vga' plugin device by virtual method
  00000000000i[PLUGIN] register state of 'floppy' plugin device by virtual method
  00000000000i[PLUGIN] register state of 'unmapped' plugin device by virtual method
  00000000000i[PLUGIN] register state of 'biosdev' plugin device by virtual method
  00000000000i[PLUGIN] register state of 'speaker' plugin device by virtual method
  00000000000i[PLUGIN] register state of 'extfpuirq' plugin device by virtual method
  00000000000i[PLUGIN] register state of 'parallel' plugin device by virtual method
  00000000000i[PLUGIN] register state of 'serial' plugin device by virtual method
  00000000000i[PLUGIN] register state of 'gameport' plugin device by virtual method
  00000000000i[PLUGIN] register state of 'iodebug' plugin device by virtual method
  00000000000i[PLUGIN] register state of 'usb_uhci' plugin device by virtual method
  00000000000i[PLUGIN] register state of 'acpi' plugin device by virtual method
  00000000000i[PLUGIN] register state of 'ioapic' plugin device by virtual method
  00000000000i[PLUGIN] register state of 'keyboard' plugin device by virtual method
  00000000000i[PLUGIN] register state of 'harddrv' plugin device by virtual method
  00000000000i[PLUGIN] register state of 'pci_ide' plugin device by virtual method
  00000000000i[SYS   ] bx_pc_system_c::Reset(HARDWARE) called
  00000000000i[CPU0  ] cpu hardware reset
  00000000000i[APIC0 ] allocate APIC id=0 (MMIO enabled) to 0x0000fee00000
  00000000000i[CPU0  ] CPUID[0x00000000]: 00000005 756e6547 6c65746e 49656e69
  00000000000i[CPU0  ] CPUID[0x00000001]: 00000633 00010800 00002028 1fcbfbff
  00000000000i[CPU0  ] CPUID[0x00000002]: 00410601 00000000 00000000 00000000
  00000000000i[CPU0  ] CPUID[0x00000003]: 00000000 00000000 00000000 00000000
  00000000000i[CPU0  ] CPUID[0x00000004]: 00000000 00000000 00000000 00000000
  00000000000i[CPU0  ] CPUID[0x00000005]: 00000040 00000040 00000003 00000020
  00000000000i[PLUGIN] reset of 'pci' plugin device by virtual method
  00000000000i[PLUGIN] reset of 'pci2isa' plugin device by virtual method
  00000000000i[PLUGIN] reset of 'cmos' plugin device by virtual method
  00000000000i[PLUGIN] reset of 'dma' plugin device by virtual method
  00000000000i[PLUGIN] reset of 'pic' plugin device by virtual method
  00000000000i[PLUGIN] reset of 'pit' plugin device by virtual method
  00000000000i[PLUGIN] reset of 'vga' plugin device by virtual method
  00000000000i[PLUGIN] reset of 'floppy' plugin device by virtual method
  00000000000i[PLUGIN] reset of 'acpi' plugin device by virtual method
  00000000000i[PLUGIN] reset of 'ioapic' plugin device by virtual method
  00000000000i[PLUGIN] reset of 'keyboard' plugin device by virtual method
  00000000000i[PLUGIN] reset of 'harddrv' plugin device by virtual method
  00000000000i[PLUGIN] reset of 'pci_ide' plugin device by virtual method
  00000000000i[PLUGIN] reset of 'unmapped' plugin device by virtual method
  00000000000i[PLUGIN] reset of 'biosdev' plugin device by virtual method
  00000000000i[PLUGIN] reset of 'speaker' plugin device by virtual method
  00000000000i[PLUGIN] reset of 'extfpuirq' plugin device by virtual method
  00000000000i[PLUGIN] reset of 'parallel' plugin device by virtual method
  00000000000i[PLUGIN] reset of 'serial' plugin device by virtual method
  00000000000i[PLUGIN] reset of 'gameport' plugin device by virtual method
  00000000000i[PLUGIN] reset of 'iodebug' plugin device by virtual method
  00000000000i[PLUGIN] reset of 'usb_uhci' plugin device by virtual method
  ========================================================================
                         Bochs x86 Emulator 2.6.8
                  Built from SVN snapshot on May 3, 2015
                    Compiled on May  3 2015 at 10:18:44
  ========================================================================
  00000000000i[WINGUI] dimension update x=720 y=400 fontheight=16 fontwidth=9 bpp=8
  00000004661i[BIOS  ] $Revision: 12579 $ $Date: 2014-12-26 11:31:39 +0100 (Fr, 26. Dez 2014) $
  00000318049i[KBD   ] reset-disable command received
  00000320818i[BIOS  ] Starting rombios32
  00000321256i[BIOS  ] Shutdown flag 0
  00000321848i[BIOS  ] ram_size=0x20000000
  00000322291i[BIOS  ] ram_end=512MB
  00000334371i[BIOS  ] Found 1 cpu(s)
  00000348575i[BIOS  ] bios_table_addr: 0x000fa498 end=0x000fcc00
  00000676370i[PCI   ] i440FX PMC write to PAM register 59 (TLB Flush)
  00001004299i[P2ISA ] PCI IRQ routing: PIRQA# set to 0x0b
  00001004318i[P2ISA ] PCI IRQ routing: PIRQB# set to 0x09
  00001004337i[P2ISA ] PCI IRQ routing: PIRQC# set to 0x0b
  00001004356i[P2ISA ] PCI IRQ routing: PIRQD# set to 0x09
  00001004366i[P2ISA ] write: ELCR2 = 0x0a
  00001005136i[BIOS  ] PIIX3/PIIX4 init: elcr=00 0a
  00001012859i[BIOS  ] PCI: bus=0 devfn=0x00: vendor_id=0x8086 device_id=0x1237 class=0x0600
  00001015138i[BIOS  ] PCI: bus=0 devfn=0x08: vendor_id=0x8086 device_id=0x7000 class=0x0601
  00001017256i[BIOS  ] PCI: bus=0 devfn=0x09: vendor_id=0x8086 device_id=0x7010 class=0x0101
  00001017481i[PIDE  ] new BM-DMA address: 0xc000
  00001018097i[BIOS  ] region 4: 0x0000c000
  00001020108i[BIOS  ] PCI: bus=0 devfn=0x0a: vendor_id=0x8086 device_id=0x7020 class=0x0c03
  00001020308i[UHCI  ] new base address: 0xc020
  00001020924i[BIOS  ] region 4: 0x0000c020
  00001021049i[UHCI  ] new irq line = 9
  00001022944i[BIOS  ] PCI: bus=0 devfn=0x0b: vendor_id=0x8086 device_id=0x7113 class=0x0680
  00001023176i[ACPI  ] new irq line = 11
  00001023188i[ACPI  ] new irq line = 9
  00001023213i[ACPI  ] new PM base address: 0xb000
  00001023227i[ACPI  ] new SM base address: 0xb100
  00001023255i[PCI   ] setting SMRAM control register to 0x4a
  00001187348i[CPU0  ] Enter to System Management Mode
  00001187348i[CPU0  ] enter_system_management_mode: temporary disable VMX while in SMM mode
  00001187358i[CPU0  ] RSM: Resuming from System Management Mode
  00001351379i[PCI   ] setting SMRAM control register to 0x0a
  00001366286i[BIOS  ] MP table addr=0x000fa570 MPC table addr=0x000fa4a0 size=0xc8
  00001368108i[BIOS  ] SMBIOS table addr=0x000fa580
  00001370298i[BIOS  ] ACPI tables: RSDP addr=0x000fa6a0 ACPI DATA addr=0x1fff0000 size=0xf72
  00001373532i[BIOS  ] Firmware waking vector 0x1fff00cc
  00001375327i[PCI   ] i440FX PMC write to PAM register 59 (TLB Flush)
  00001376050i[BIOS  ] bios_table_cur_addr: 0x000fa6c4
  00001503667i[VBIOS ] VGABios $Id: vgabios.c,v 1.76 2013/02/10 08:07:03 vruppert Exp $
  
  00001503738i[BXVGA ] VBE known Display Interface b0c0
  00001503770i[BXVGA ] VBE known Display Interface b0c5
  00001506695i[VBIOS ] VBE Bios $Id: vbe.c,v 1.65 2014/07/08 18:02:25 vruppert Exp $
  00005134274i[BIOS  ] Booting from 0000:7c00
  00015258413i[CPU0  ] [15258413] Stopped on MAGIC BREAKPOINT
  00015258416e[CPU0  ] interrupt(): gate descriptor is not valid sys seg (vector=0x0e)
  00015258416e[CPU0  ] interrupt(): gate descriptor is not valid sys seg (vector=0x08)
  00015258416i[CPU0  ] CPU is in protected mode (active)
  00015258416i[CPU0  ] CS.mode = 32 bit
  00015258416i[CPU0  ] SS.mode = 32 bit
  00015258416i[CPU0  ] EFER   = 0x00000000
  00015258416i[CPU0  ] | EAX=e0000011  EBX=0000b400  ECX=00000000  EDX=00000200
  00015258416i[CPU0  ] | ESP=00200000  EBP=00000000  ESI=00020000  EDI=0021b000
  00015258416i[CPU0  ] | IOPL=0 id vip vif ac vm RF nt of df if tf SF zf af PF cf
  00015258416i[CPU0  ] | SEG sltr(index|ti|rpl)     base    limit G D
  00015258416i[CPU0  ] |  CS:0008( 0001| 0|  0) 00000000 ffffffff 1 1
  00015258416i[CPU0  ] |  DS:0010( 0002| 0|  0) 00000000 ffffffff 1 1
  00015258416i[CPU0  ] |  SS:0010( 0002| 0|  0) 00000000 ffffffff 1 1
  00015258416i[CPU0  ] |  ES:0010( 0002| 0|  0) 00000000 ffffffff 1 1
  00015258416i[CPU0  ] |  FS:0010( 0002| 0|  0) 00000000 ffffffff 1 1
  00015258416i[CPU0  ] |  GS:0010( 0002| 0|  0) 00000000 ffffffff 1 1
  00015258416i[CPU0  ] | EIP=00201028 (00201028)
  00015258416i[CPU0  ] | CR0=0xe0000011 CR2=0xe0000011
  00015258416i[CPU0  ] | CR3=0x00000000 CR4=0x00000000
  00015258416e[CPU0  ] exception(): 3rd (13) exception with no resolution, shutdown status is 00h, resetting
  00015258416i[SYS   ] bx_pc_system_c::Reset(HARDWARE) called
  00015258416i[CPU0  ] cpu hardware reset
  00015258416i[APIC0 ] allocate APIC id=0 (MMIO enabled) to 0x0000fee00000
  00015258416i[CPU0  ] CPUID[0x00000000]: 00000005 756e6547 6c65746e 49656e69
  00015258416i[CPU0  ] CPUID[0x00000001]: 00000633 00010800 00002028 1fcbfbff
  00015258416i[CPU0  ] CPUID[0x00000002]: 00410601 00000000 00000000 00000000
  00015258416i[CPU0  ] CPUID[0x00000003]: 00000000 00000000 00000000 00000000
  00015258416i[CPU0  ] CPUID[0x00000004]: 00000000 00000000 00000000 00000000
  00015258416i[CPU0  ] CPUID[0x00000005]: 00000040 00000040 00000003 00000020
  00015258416i[PLUGIN] reset of 'pci' plugin device by virtual method
  00015258416i[PLUGIN] reset of 'pci2isa' plugin device by virtual method
  00015258416i[PLUGIN] reset of 'cmos' plugin device by virtual method
  00015258416i[PLUGIN] reset of 'dma' plugin device by virtual method
  00015258416i[PLUGIN] reset of 'pic' plugin device by virtual method
  00015258416i[PLUGIN] reset of 'pit' plugin device by virtual method
  00015258416i[PLUGIN] reset of 'vga' plugin device by virtual method
  00015258416i[PLUGIN] reset of 'floppy' plugin device by virtual method
  00015258416i[PLUGIN] reset of 'acpi' plugin device by virtual method
  00015258416i[PLUGIN] reset of 'ioapic' plugin device by virtual method
  00015258416i[PLUGIN] reset of 'keyboard' plugin device by virtual method
  00015258416i[PLUGIN] reset of 'harddrv' plugin device by virtual method
  00015258416i[PLUGIN] reset of 'pci_ide' plugin device by virtual method
  00015258416i[PLUGIN] reset of 'unmapped' plugin device by virtual method
  00015258416i[PLUGIN] reset of 'biosdev' plugin device by virtual method
  00015258416i[PLUGIN] reset of 'speaker' plugin device by virtual method
  00015258416i[PLUGIN] reset of 'extfpuirq' plugin device by virtual method
  00015258416i[PLUGIN] reset of 'parallel' plugin device by virtual method
  00015258416i[PLUGIN] reset of 'serial' plugin device by virtual method
  00015258416i[PLUGIN] reset of 'gameport' plugin device by virtual method
  00015258416i[PLUGIN] reset of 'iodebug' plugin device by virtual method
  00015258416i[PLUGIN] reset of 'usb_uhci' plugin device by virtual method
  00015263078i[BIOS  ] $Revision: 12579 $ $Date: 2014-12-26 11:31:39 +0100 (Fr, 26. Dez 2014) $
  00015577074i[KBD   ] reset-disable command received
  00015579805i[BIOS  ] Starting rombios32
  00015580243i[BIOS  ] Shutdown flag 0
  00015580835i[BIOS  ] ram_size=0x20000000
  00015581278i[BIOS  ] ram_end=512MB
  00015593318i[BIOS  ] Found 1 cpu(s)
  00015607522i[BIOS  ] bios_table_addr: 0x000fa498 end=0x000fcc00
  00015935317i[PCI   ] i440FX PMC write to PAM register 59 (TLB Flush)
  00016263246i[P2ISA ] PCI IRQ routing: PIRQA# set to 0x0b
  00016263265i[P2ISA ] PCI IRQ routing: PIRQB# set to 0x09
  00016263284i[P2ISA ] PCI IRQ routing: PIRQC# set to 0x0b
  00016263303i[P2ISA ] PCI IRQ routing: PIRQD# set to 0x09
  00016263313i[P2ISA ] write: ELCR2 = 0x0a
  00016264083i[BIOS  ] PIIX3/PIIX4 init: elcr=00 0a
  00016271806i[BIOS  ] PCI: bus=0 devfn=0x00: vendor_id=0x8086 device_id=0x1237 class=0x0600
  00016274085i[BIOS  ] PCI: bus=0 devfn=0x08: vendor_id=0x8086 device_id=0x7000 class=0x0601
  00016276203i[BIOS  ] PCI: bus=0 devfn=0x09: vendor_id=0x8086 device_id=0x7010 class=0x0101
  00016277044i[BIOS  ] region 4: 0x0000c000
  00016279055i[BIOS  ] PCI: bus=0 devfn=0x0a: vendor_id=0x8086 device_id=0x7020 class=0x0c03
  00016279871i[BIOS  ] region 4: 0x0000c020
  00016279996i[UHCI  ] new irq line = 9
  00016281891i[BIOS  ] PCI: bus=0 devfn=0x0b: vendor_id=0x8086 device_id=0x7113 class=0x0680
  00016282123i[ACPI  ] new irq line = 11
  00016282135i[ACPI  ] new irq line = 9
  00016282202i[PCI   ] setting SMRAM control register to 0x4a
  00016446295i[CPU0  ] Enter to System Management Mode
  00016446295i[CPU0  ] enter_system_management_mode: temporary disable VMX while in SMM mode
  00016446305i[CPU0  ] RSM: Resuming from System Management Mode
  00016610326i[PCI   ] setting SMRAM control register to 0x0a
  00016625233i[BIOS  ] MP table addr=0x000fa570 MPC table addr=0x000fa4a0 size=0xc8
  00016627055i[BIOS  ] SMBIOS table addr=0x000fa580
  00016629245i[BIOS  ] ACPI tables: RSDP addr=0x000fa6a0 ACPI DATA addr=0x1fff0000 size=0xf72
  00016632479i[BIOS  ] Firmware waking vector 0x1fff00cc
  00016634274i[PCI   ] i440FX PMC write to PAM register 59 (TLB Flush)
  00016634997i[BIOS  ] bios_table_cur_addr: 0x000fa6c4
  00016762614i[VBIOS ] 
  VGABios $Id: vgabios.c,v 1.76 2013/02/10 08:07:03 vruppert Exp $
  
  00016762685i[BXVGA ] VBE known Display Interface b0c0
  00016762717i[BXVGA ] VBE known Display Interface b0c5
  00016765642i[VBIOS ] VBE Bios $Id: vbe.c,v 1.65 2014/07/08 18:02:25 vruppert Exp $
  00020345914i[BIOS  ] Booting from 0000:7c00
  00030470043i[CPU0  ] [30470043] Stopped on MAGIC BREAKPOINT
  00030470046e[CPU0  ] interrupt(): gate descriptor is not valid sys seg (vector=0x0e)
  00030470046e[CPU0  ] interrupt(): gate descriptor is not valid sys seg (vector=0x08)
  00030470046i[CPU0  ] CPU is in protected mode (active)
  00030470046i[CPU0  ] CS.mode = 32 bit
  00030470046i[CPU0  ] SS.mode = 32 bit
  00030470046i[CPU0  ] EFER   = 0x00000000
  00030470046i[CPU0  ] | EAX=e0000011  EBX=0000b400  ECX=00000000  EDX=00000200
  00030470046i[CPU0  ] | ESP=00200000  EBP=00000000  ESI=00020000  EDI=0021b000
  00030470046i[CPU0  ] | IOPL=0 id vip vif ac vm RF nt of df if tf SF zf af PF cf
  00030470046i[CPU0  ] | SEG sltr(index|ti|rpl)     base    limit G D
  00030470046i[CPU0  ] |  CS:0008( 0001| 0|  0) 00000000 ffffffff 1 1
  00030470046i[CPU0  ] |  DS:0010( 0002| 0|  0) 00000000 ffffffff 1 1
  00030470046i[CPU0  ] |  SS:0010( 0002| 0|  0) 00000000 ffffffff 1 1
  00030470046i[CPU0  ] |  ES:0010( 0002| 0|  0) 00000000 ffffffff 1 1
  00030470046i[CPU0  ] |  FS:0010( 0002| 0|  0) 00000000 ffffffff 1 1
  00030470046i[CPU0  ] |  GS:0010( 0002| 0|  0) 00000000 ffffffff 1 1
  00030470046i[CPU0  ] | EIP=00201028 (00201028)
  00030470046i[CPU0  ] | CR0=0xe0000011 CR2=0xe0000011
  00030470046i[CPU0  ] | CR3=0x00000000 CR4=0x00000000
  00030470046e[CPU0  ] exception(): 3rd (13) exception with no resolution, shutdown status is 00h, resetting
  00030470046i[SYS   ] bx_pc_system_c::Reset(HARDWARE) called
  00030470046i[CPU0  ] cpu hardware reset
  00030470046i[APIC0 ] allocate APIC id=0 (MMIO enabled) to 0x0000fee00000
  00030470046i[CPU0  ] CPUID[0x00000000]: 00000005 756e6547 6c65746e 49656e69
  00030470046i[CPU0  ] CPUID[0x00000001]: 00000633 00010800 00002028 1fcbfbff
  00030470046i[CPU0  ] CPUID[0x00000002]: 00410601 00000000 00000000 00000000
  00030470046i[CPU0  ] CPUID[0x00000003]: 00000000 00000000 00000000 00000000
  00030470046i[CPU0  ] CPUID[0x00000004]: 00000000 00000000 00000000 00000000
  00030470046i[CPU0  ] CPUID[0x00000005]: 00000040 00000040 00000003 00000020
  00030470046i[PLUGIN] reset of 'pci' plugin device by virtual method
  00030470046i[PLUGIN] reset of 'pci2isa' plugin device by virtual method
  00030470046i[PLUGIN] reset of 'cmos' plugin device by virtual method
  00030470046i[PLUGIN] reset of 'dma' plugin device by virtual method
  00030470046i[PLUGIN] reset of 'pic' plugin device by virtual method
  00030470046i[PLUGIN] reset of 'pit' plugin device by virtual method
  00030470046i[PLUGIN] reset of 'vga' plugin device by virtual method
  00030470046i[PLUGIN] reset of 'floppy' plugin device by virtual method
  00030470046i[PLUGIN] reset of 'acpi' plugin device by virtual method
  00030470046i[PLUGIN] reset of 'ioapic' plugin device by virtual method
  00030470046i[PLUGIN] reset of 'keyboard' plugin device by virtual method
  00030470046i[PLUGIN] reset of 'harddrv' plugin device by virtual method
  00030470046i[PLUGIN] reset of 'pci_ide' plugin device by virtual method
  00030470046i[PLUGIN] reset of 'unmapped' plugin device by virtual method
  00030470046i[PLUGIN] reset of 'biosdev' plugin device by virtual method
  00030470046i[PLUGIN] reset of 'speaker' plugin device by virtual method
  00030470046i[PLUGIN] reset of 'extfpuirq' plugin device by virtual method
  00030470046i[PLUGIN] reset of 'parallel' plugin device by virtual method
  00030470046i[PLUGIN] reset of 'serial' plugin device by virtual method
  00030470046i[PLUGIN] reset of 'gameport' plugin device by virtual method
  00030470046i[PLUGIN] reset of 'iodebug' plugin device by virtual method
  00030470046i[PLUGIN] reset of 'usb_uhci' plugin device by virtual method
  00030474708i[BIOS  ] $Revision: 12579 $ $Date: 2014-12-26 11:31:39 +0100 (Fr, 26. Dez 2014) $
  00030788058i[KBD   ] reset-disable command received
  00030790827i[BIOS  ] Starting rombios32
  00030791265i[BIOS  ] Shutdown flag 0
  00030791857i[BIOS  ] ram_size=0x20000000
  00030792300i[BIOS  ] ram_end=512MB
  00030804320i[BIOS  ] Found 1 cpu(s)
  00030818524i[BIOS  ] bios_table_addr: 0x000fa498 end=0x000fcc00
  00031146319i[PCI   ] i440FX PMC write to PAM register 59 (TLB Flush)
  00031474248i[P2ISA ] PCI IRQ routing: PIRQA# set to 0x0b
  00031474267i[P2ISA ] PCI IRQ routing: PIRQB# set to 0x09
  00031474286i[P2ISA ] PCI IRQ routing: PIRQC# set to 0x0b
  00031474305i[P2ISA ] PCI IRQ routing: PIRQD# set to 0x09
  00031474315i[P2ISA ] write: ELCR2 = 0x0a
  00031475085i[BIOS  ] PIIX3/PIIX4 init: elcr=00 0a
  00031482808i[BIOS  ] PCI: bus=0 devfn=0x00: vendor_id=0x8086 device_id=0x1237 class=0x0600
  00031485087i[BIOS  ] PCI: bus=0 devfn=0x08: vendor_id=0x8086 device_id=0x7000 class=0x0601
  00031487205i[BIOS  ] PCI: bus=0 devfn=0x09: vendor_id=0x8086 device_id=0x7010 class=0x0101
  00031488046i[BIOS  ] region 4: 0x0000c000
  00031490057i[BIOS  ] PCI: bus=0 devfn=0x0a: vendor_id=0x8086 device_id=0x7020 class=0x0c03
  00031490873i[BIOS  ] region 4: 0x0000c020
  00031490998i[UHCI  ] new irq line = 9
  00031492893i[BIOS  ] PCI: bus=0 devfn=0x0b: vendor_id=0x8086 device_id=0x7113 class=0x0680
  00031493125i[ACPI  ] new irq line = 11
  00031493137i[ACPI  ] new irq line = 9
  00031493204i[PCI   ] setting SMRAM control register to 0x4a
  00031657297i[CPU0  ] Enter to System Management Mode
  00031657297i[CPU0  ] enter_system_management_mode: temporary disable VMX while in SMM mode
  00031657307i[CPU0  ] RSM: Resuming from System Management Mode
  00031821328i[PCI   ] setting SMRAM control register to 0x0a
  00031836235i[BIOS  ] MP table addr=0x000fa570 MPC table addr=0x000fa4a0 size=0xc8
  00031838057i[BIOS  ] SMBIOS table addr=0x000fa580
  00031840247i[BIOS  ] ACPI tables: RSDP addr=0x000fa6a0 ACPI DATA addr=0x1fff0000 size=0xf72
  00031843481i[BIOS  ] Firmware waking vector 0x1fff00cc
  00031845276i[PCI   ] i440FX PMC write to PAM register 59 (TLB Flush)
  00031845999i[BIOS  ] bios_table_cur_addr: 0x000fa6c4
  00031973616i[VBIOS ] 
  VGABios $Id: vgabios.c,v 1.76 2013/02/10 08:07:03 vruppert Exp $
  
  00031973687i[BXVGA ] VBE known Display Interface b0c0
  00031973719i[BXVGA ] VBE known Display Interface b0c5
  00031976644i[VBIOS ] VBE Bios $Id: vbe.c,v 1.65 2014/07/08 18:02:25 vruppert Exp $
  00035581356i[BIOS  ] Booting from 0000:7c00
  00045705504i[CPU0  ] [45705504] Stopped on MAGIC BREAKPOINT
  00045705507e[CPU0  ] interrupt(): gate descriptor is not valid sys seg (vector=0x0e)
  00045705507e[CPU0  ] interrupt(): gate descriptor is not valid sys seg (vector=0x08)
  00045705507i[CPU0  ] CPU is in protected mode (active)
  00045705507i[CPU0  ] CS.mode = 32 bit
  00045705507i[CPU0  ] SS.mode = 32 bit
  00045705507i[CPU0  ] EFER   = 0x00000000
  00045705507i[CPU0  ] | EAX=e0000011  EBX=0000b400  ECX=00000000  EDX=00000200
  00045705507i[CPU0  ] | ESP=00200000  EBP=00000000  ESI=00020000  EDI=0021b000
  00045705507i[CPU0  ] | IOPL=0 id vip vif ac vm RF nt of df if tf SF zf af PF cf
  00045705507i[CPU0  ] | SEG sltr(index|ti|rpl)     base    limit G D
  00045705507i[CPU0  ] |  CS:0008( 0001| 0|  0) 00000000 ffffffff 1 1
  00045705507i[CPU0  ] |  DS:0010( 0002| 0|  0) 00000000 ffffffff 1 1
  00045705507i[CPU0  ] |  SS:0010( 0002| 0|  0) 00000000 ffffffff 1 1
  00045705507i[CPU0  ] |  ES:0010( 0002| 0|  0) 00000000 ffffffff 1 1
  00045705507i[CPU0  ] |  FS:0010( 0002| 0|  0) 00000000 ffffffff 1 1
  00045705507i[CPU0  ] |  GS:0010( 0002| 0|  0) 00000000 ffffffff 1 1
  00045705507i[CPU0  ] | EIP=00201028 (00201028)
  00045705507i[CPU0  ] | CR0=0xe0000011 CR2=0xe0000011
  00045705507i[CPU0  ] | CR3=0x00000000 CR4=0x00000000
  00045705507e[CPU0  ] exception(): 3rd (13) exception with no resolution, shutdown status is 00h, resetting
  00045705507i[SYS   ] bx_pc_system_c::Reset(HARDWARE) called
  00045705507i[CPU0  ] cpu hardware reset
  00045705507i[APIC0 ] allocate APIC id=0 (MMIO enabled) to 0x0000fee00000
  00045705507i[CPU0  ] CPUID[0x00000000]: 00000005 756e6547 6c65746e 49656e69
  00045705507i[CPU0  ] CPUID[0x00000001]: 00000633 00010800 00002028 1fcbfbff
  00045705507i[CPU0  ] CPUID[0x00000002]: 00410601 00000000 00000000 00000000
  00045705507i[CPU0  ] CPUID[0x00000003]: 00000000 00000000 00000000 00000000
  00045705507i[CPU0  ] CPUID[0x00000004]: 00000000 00000000 00000000 00000000
  00045705507i[CPU0  ] CPUID[0x00000005]: 00000040 00000040 00000003 00000020
  00045705507i[PLUGIN] reset of 'pci' plugin device by virtual method
  00045705507i[PLUGIN] reset of 'pci2isa' plugin device by virtual method
  00045705507i[PLUGIN] reset of 'cmos' plugin device by virtual method
  00045705507i[PLUGIN] reset of 'dma' plugin device by virtual method
  00045705507i[PLUGIN] reset of 'pic' plugin device by virtual method
  00045705507i[PLUGIN] reset of 'pit' plugin device by virtual method
  00045705507i[PLUGIN] reset of 'vga' plugin device by virtual method
  00045705507i[PLUGIN] reset of 'floppy' plugin device by virtual method
  00045705507i[PLUGIN] reset of 'acpi' plugin device by virtual method
  00045705507i[PLUGIN] reset of 'ioapic' plugin device by virtual method
  00045705507i[PLUGIN] reset of 'keyboard' plugin device by virtual method
  00045705507i[PLUGIN] reset of 'harddrv' plugin device by virtual method
  00045705507i[PLUGIN] reset of 'pci_ide' plugin device by virtual method
  00045705507i[PLUGIN] reset of 'unmapped' plugin device by virtual method
  00045705507i[PLUGIN] reset of 'biosdev' plugin device by virtual method
  00045705507i[PLUGIN] reset of 'speaker' plugin device by virtual method
  00045705507i[PLUGIN] reset of 'extfpuirq' plugin device by virtual method
  00045705507i[PLUGIN] reset of 'parallel' plugin device by virtual method
  00045705507i[PLUGIN] reset of 'serial' plugin device by virtual method
  00045705507i[PLUGIN] reset of 'gameport' plugin device by virtual method
  00045705507i[PLUGIN] reset of 'iodebug' plugin device by virtual method
  00045705507i[PLUGIN] reset of 'usb_uhci' plugin device by virtual method
  00045710169i[BIOS  ] $Revision: 12579 $ $Date: 2014-12-26 11:31:39 +0100 (Fr, 26. Dez 2014) $
  00046024051i[KBD   ] reset-disable command received
  00046026820i[BIOS  ] Starting rombios32
  00046027258i[BIOS  ] Shutdown flag 0
  00046027850i[BIOS  ] ram_size=0x20000000
  00046028293i[BIOS  ] ram_end=512MB
  00046040383i[BIOS  ] Found 1 cpu(s)
  00046054587i[BIOS  ] bios_table_addr: 0x000fa498 end=0x000fcc00
  00046382382i[PCI   ] i440FX PMC write to PAM register 59 (TLB Flush)
  00046710311i[P2ISA ] PCI IRQ routing: PIRQA# set to 0x0b
  00046710330i[P2ISA ] PCI IRQ routing: PIRQB# set to 0x09
  00046710349i[P2ISA ] PCI IRQ routing: PIRQC# set to 0x0b
  00046710368i[P2ISA ] PCI IRQ routing: PIRQD# set to 0x09
  00046710378i[P2ISA ] write: ELCR2 = 0x0a
  00046711148i[BIOS  ] PIIX3/PIIX4 init: elcr=00 0a
  00046718871i[BIOS  ] PCI: bus=0 devfn=0x00: vendor_id=0x8086 device_id=0x1237 class=0x0600
  00046721150i[BIOS  ] PCI: bus=0 devfn=0x08: vendor_id=0x8086 device_id=0x7000 class=0x0601
  00046723268i[BIOS  ] PCI: bus=0 devfn=0x09: vendor_id=0x8086 device_id=0x7010 class=0x0101
  00046724109i[BIOS  ] region 4: 0x0000c000
  00046726120i[BIOS  ] PCI: bus=0 devfn=0x0a: vendor_id=0x8086 device_id=0x7020 class=0x0c03
  00046726936i[BIOS  ] region 4: 0x0000c020
  00046727061i[UHCI  ] new irq line = 9
  00046728956i[BIOS  ] PCI: bus=0 devfn=0x0b: vendor_id=0x8086 device_id=0x7113 class=0x0680
  00046729188i[ACPI  ] new irq line = 11
  00046729200i[ACPI  ] new irq line = 9
  00046729267i[PCI   ] setting SMRAM control register to 0x4a
  00046893360i[CPU0  ] Enter to System Management Mode
  00046893360i[CPU0  ] enter_system_management_mode: temporary disable VMX while in SMM mode
  00046893370i[CPU0  ] RSM: Resuming from System Management Mode
  00047057391i[PCI   ] setting SMRAM control register to 0x0a
  00047072298i[BIOS  ] MP table addr=0x000fa570 MPC table addr=0x000fa4a0 size=0xc8
  00047074120i[BIOS  ] SMBIOS table addr=0x000fa580
  00047076310i[BIOS  ] ACPI tables: RSDP addr=0x000fa6a0 ACPI DATA addr=0x1fff0000 size=0xf72
  00047079544i[BIOS  ] Firmware waking vector 0x1fff00cc
  00047081339i[PCI   ] i440FX PMC write to PAM register 59 (TLB Flush)
  00047082062i[BIOS  ] bios_table_cur_addr: 0x000fa6c4
  00047209679i[VBIOS ] 
  VGABios $Id: vgabios.c,v 1.76 2013/02/10 08:07:03 vruppert Exp $
  
  00047209750i[BXVGA ] VBE known Display Interface b0c0
  00047209782i[BXVGA ] VBE known Display Interface b0c5
  00047212707i[VBIOS ] VBE Bios $Id: vbe.c,v 1.65 2014/07/08 18:02:25 vruppert Exp $
  00050871859i[BIOS  ] Booting from 0000:7c00
  00060996002i[CPU0  ] [60996002] Stopped on MAGIC BREAKPOINT
  00060996005e[CPU0  ] interrupt(): gate descriptor is not valid sys seg (vector=0x0e)
  00060996005e[CPU0  ] interrupt(): gate descriptor is not valid sys seg (vector=0x08)
  00060996005i[CPU0  ] CPU is in protected mode (active)
  00060996005i[CPU0  ] CS.mode = 32 bit
  00060996005i[CPU0  ] SS.mode = 32 bit
  00060996005i[CPU0  ] EFER   = 0x00000000
  00060996005i[CPU0  ] | EAX=e0000011  EBX=0000b400  ECX=00000000  EDX=00000200
  00060996005i[CPU0  ] | ESP=00200000  EBP=00000000  ESI=00020000  EDI=0021b000
  00060996005i[CPU0  ] | IOPL=0 id vip vif ac vm RF nt of df if tf SF zf af PF cf
  00060996005i[CPU0  ] | SEG sltr(index|ti|rpl)     base    limit G D
  00060996005i[CPU0  ] |  CS:0008( 0001| 0|  0) 00000000 ffffffff 1 1
  00060996005i[CPU0  ] |  DS:0010( 0002| 0|  0) 00000000 ffffffff 1 1
  00060996005i[CPU0  ] |  SS:0010( 0002| 0|  0) 00000000 ffffffff 1 1
  00060996005i[CPU0  ] |  ES:0010( 0002| 0|  0) 00000000 ffffffff 1 1
  00060996005i[CPU0  ] |  FS:0010( 0002| 0|  0) 00000000 ffffffff 1 1
  00060996005i[CPU0  ] |  GS:0010( 0002| 0|  0) 00000000 ffffffff 1 1
  00060996005i[CPU0  ] | EIP=00201028 (00201028)
  00060996005i[CPU0  ] | CR0=0xe0000011 CR2=0xe0000011
  00060996005i[CPU0  ] | CR3=0x00000000 CR4=0x00000000
  00060996005e[CPU0  ] exception(): 3rd (13) exception with no resolution, shutdown status is 00h, resetting
  00060996005i[SYS   ] bx_pc_system_c::Reset(HARDWARE) called
  00060996005i[CPU0  ] cpu hardware reset
  00060996005i[APIC0 ] allocate APIC id=0 (MMIO enabled) to 0x0000fee00000
  00060996005i[CPU0  ] CPUID[0x00000000]: 00000005 756e6547 6c65746e 49656e69
  00060996005i[CPU0  ] CPUID[0x00000001]: 00000633 00010800 00002028 1fcbfbff
  00060996005i[CPU0  ] CPUID[0x00000002]: 00410601 00000000 00000000 00000000
  00060996005i[CPU0  ] CPUID[0x00000003]: 00000000 00000000 00000000 00000000
  00060996005i[CPU0  ] CPUID[0x00000004]: 00000000 00000000 00000000 00000000
  00060996005i[CPU0  ] CPUID[0x00000005]: 00000040 00000040 00000003 00000020
  00060996005i[PLUGIN] reset of 'pci' plugin device by virtual method
  00060996005i[PLUGIN] reset of 'pci2isa' plugin device by virtual method
  00060996005i[PLUGIN] reset of 'cmos' plugin device by virtual method
  00060996005i[PLUGIN] reset of 'dma' plugin device by virtual method
  00060996005i[PLUGIN] reset of 'pic' plugin device by virtual method
  00060996005i[PLUGIN] reset of 'pit' plugin device by virtual method
  00060996005i[PLUGIN] reset of 'vga' plugin device by virtual method
  00060996005i[PLUGIN] reset of 'floppy' plugin device by virtual method
  00060996005i[PLUGIN] reset of 'acpi' plugin device by virtual method
  00060996005i[PLUGIN] reset of 'ioapic' plugin device by virtual method
  00060996005i[PLUGIN] reset of 'keyboard' plugin device by virtual method
  00060996005i[PLUGIN] reset of 'harddrv' plugin device by virtual method
  00060996005i[PLUGIN] reset of 'pci_ide' plugin device by virtual method
  00060996005i[PLUGIN] reset of 'unmapped' plugin device by virtual method
  00060996005i[PLUGIN] reset of 'biosdev' plugin device by virtual method
  00060996005i[PLUGIN] reset of 'speaker' plugin device by virtual method
  00060996005i[PLUGIN] reset of 'extfpuirq' plugin device by virtual method
  00060996005i[PLUGIN] reset of 'parallel' plugin device by virtual method
  00060996005i[PLUGIN] reset of 'serial' plugin device by virtual method
  00060996005i[PLUGIN] reset of 'gameport' plugin device by virtual method
  00060996005i[PLUGIN] reset of 'iodebug' plugin device by virtual method
  00060996005i[PLUGIN] reset of 'usb_uhci' plugin device by virtual method
  00061000667i[BIOS  ] $Revision: 12579 $ $Date: 2014-12-26 11:31:39 +0100 (Fr, 26. Dez 2014) $
  00061314055i[KBD   ] reset-disable command received
  00061316824i[BIOS  ] Starting rombios32
  00061317262i[BIOS  ] Shutdown flag 0
  00061317854i[BIOS  ] ram_size=0x20000000
  00061318297i[BIOS  ] ram_end=512MB
  00061330367i[BIOS  ] Found 1 cpu(s)
  00061344571i[BIOS  ] bios_table_addr: 0x000fa498 end=0x000fcc00
  00061672366i[PCI   ] i440FX PMC write to PAM register 59 (TLB Flush)
  00062000295i[P2ISA ] PCI IRQ routing: PIRQA# set to 0x0b
  00062000314i[P2ISA ] PCI IRQ routing: PIRQB# set to 0x09
  00062000333i[P2ISA ] PCI IRQ routing: PIRQC# set to 0x0b
  00062000352i[P2ISA ] PCI IRQ routing: PIRQD# set to 0x09
  00062000362i[P2ISA ] write: ELCR2 = 0x0a
  00062001132i[BIOS  ] PIIX3/PIIX4 init: elcr=00 0a
  00062008855i[BIOS  ] PCI: bus=0 devfn=0x00: vendor_id=0x8086 device_id=0x1237 class=0x0600
  00062011134i[BIOS  ] PCI: bus=0 devfn=0x08: vendor_id=0x8086 device_id=0x7000 class=0x0601
  00062013252i[BIOS  ] PCI: bus=0 devfn=0x09: vendor_id=0x8086 device_id=0x7010 class=0x0101
  00062014093i[BIOS  ] region 4: 0x0000c000
  00062016104i[BIOS  ] PCI: bus=0 devfn=0x0a: vendor_id=0x8086 device_id=0x7020 class=0x0c03
  00062016920i[BIOS  ] region 4: 0x0000c020
  00062017045i[UHCI  ] new irq line = 9
  00062018940i[BIOS  ] PCI: bus=0 devfn=0x0b: vendor_id=0x8086 device_id=0x7113 class=0x0680
  00062019172i[ACPI  ] new irq line = 11
  00062019184i[ACPI  ] new irq line = 9
  00062019251i[PCI   ] setting SMRAM control register to 0x4a
  00062183344i[CPU0  ] Enter to System Management Mode
  00062183344i[CPU0  ] enter_system_management_mode: temporary disable VMX while in SMM mode
  00062183354i[CPU0  ] RSM: Resuming from System Management Mode
  00062347375i[PCI   ] setting SMRAM control register to 0x0a
  00062362282i[BIOS  ] MP table addr=0x000fa570 MPC table addr=0x000fa4a0 size=0xc8
  00062364104i[BIOS  ] SMBIOS table addr=0x000fa580
  00062366294i[BIOS  ] ACPI tables: RSDP addr=0x000fa6a0 ACPI DATA addr=0x1fff0000 size=0xf72
  00062369528i[BIOS  ] Firmware waking vector 0x1fff00cc
  00062371323i[PCI   ] i440FX PMC write to PAM register 59 (TLB Flush)
  00062372046i[BIOS  ] bios_table_cur_addr: 0x000fa6c4
  00062499663i[VBIOS ] 
  VGABios $Id: vgabios.c,v 1.76 2013/02/10 08:07:03 vruppert Exp $
  
  00062499734i[BXVGA ] VBE known Display Interface b0c0
  00062499766i[BXVGA ] VBE known Display Interface b0c5
  00062502691i[VBIOS ] VBE Bios $Id: vbe.c,v 1.65 2014/07/08 18:02:25 vruppert Exp $
  00066090513i[BIOS  ] Booting from 0000:7c00
  00076214652i[CPU0  ] [76214652] Stopped on MAGIC BREAKPOINT
  00076214652i[CPU0  ] CPU is in protected mode (active)
  00076214652i[CPU0  ] CS.mode = 32 bit
  00076214652i[CPU0  ] SS.mode = 32 bit
  00076214652i[CPU0  ] EFER   = 0x00000000
  00076214652i[CPU0  ] | EAX=00201000  EBX=0000b400  ECX=00000000  EDX=00000200
  00076214652i[CPU0  ] | ESP=00200000  EBP=00000000  ESI=00020000  EDI=0021b000
  00076214652i[CPU0  ] | IOPL=0 id vip vif ac vm rf nt of df if tf SF zf af PF CF
  00076214652i[CPU0  ] | SEG sltr(index|ti|rpl)     base    limit G D
  00076214652i[CPU0  ] |  CS:0008( 0001| 0|  0) 00000000 ffffffff 1 1
  00076214652i[CPU0  ] |  DS:0010( 0002| 0|  0) 00000000 ffffffff 1 1
  00076214652i[CPU0  ] |  SS:0010( 0002| 0|  0) 00000000 ffffffff 1 1
  00076214652i[CPU0  ] |  ES:0010( 0002| 0|  0) 00000000 ffffffff 1 1
  00076214652i[CPU0  ] |  FS:0010( 0002| 0|  0) 00000000 ffffffff 1 1
  00076214652i[CPU0  ] |  GS:0010( 0002| 0|  0) 00000000 ffffffff 1 1
  00076214652i[CPU0  ] | EIP=0020101d (0020101d)
  00076214652i[CPU0  ] | CR0=0x60000011 CR2=0x00000000
  00076214652i[CPU0  ] | CR3=0x00000000 CR4=0x00000000
  00076214652i[CMOS  ] Last time is 1760624154 (Thu Oct 16 17:15:54 2025)
  00076214652i[SIM   ] quit_sim called with exit code 0
